2025-06-22 12:12:34,575 p=920 u=ansible n=ansible | [WARNING]: Skipping 'deployment_mode' as this is not a valid group definition

2025-06-22 12:12:34,594 p=920 u=ansible n=ansible | {
    "_meta": {
        "hostvars": {
            "docker-host-vm": {
                "ansible_host": "{{ lookup('env', 'DOCKER_HOST_IP') | default('192.168.1.10') }}",
                "ansible_ssh_private_key_file": "{{ lookup('env', 'SSH_KEY_PATH') | default('~/.ssh/id_rsa') }}",
                "ansible_user": "{{ lookup('env', 'ANSIBLE_USER') | default('ubuntu') }}",
                "deployment_target": "remote",
                "deployment_type": "container",
                "services": [
                    "jenkins-master",
                    "jenkins-agent",
                    "haproxy"
                ]
            },
            "haproxy-local": {
                "ansible_connection": "docker",
                "ansible_host": "haproxy",
                "ansible_user": "root",
                "deployment_type": "container",
                "docker_network": "jenkins-network"
            },
            "haproxy-{{ deployment_mode == 'local' and 'local' or 'vm' }}": {
                "haproxy_http_port": 80,
                "haproxy_https_port": 443,
                "jenkins_admin_password": "{{ lookup('env', 'JENKINS_ADMIN_PASSWORD') | default('admin123') }}",
                "jenkins_admin_user": "admin",
                "jenkins_agent_port": 50000,
                "jenkins_master_port": 8080,
                "jenkins_version": "2.401.3",
                "ssl_cert_path": "/etc/ssl/certs",
                "ssl_key_path": "/etc/ssl/private"
            },
            "jenkins-agent-local": {
                "ansible_connection": "docker",
                "ansible_host": "jenkins-agent",
                "ansible_user": "root",
                "deployment_type": "container",
                "docker_network": "jenkins-network"
            },
            "jenkins-agent-{{ deployment_mode == 'local' and 'local' or 'vm' }}": {
                "haproxy_http_port": 80,
                "haproxy_https_port": 443,
                "jenkins_admin_password": "{{ lookup('env', 'JENKINS_ADMIN_PASSWORD') | default('admin123') }}",
                "jenkins_admin_user": "admin",
                "jenkins_agent_port": 50000,
                "jenkins_master_port": 8080,
                "jenkins_version": "2.401.3",
                "ssl_cert_path": "/etc/ssl/certs",
                "ssl_key_path": "/etc/ssl/private"
            },
            "jenkins-master-local": {
                "ansible_connection": "docker",
                "ansible_host": "jenkins-master",
                "ansible_user": "root",
                "deployment_type": "container",
                "docker_network": "jenkins-network"
            },
            "jenkins-master-{{ deployment_mode == 'local' and 'local' or 'vm' }}": {
                "haproxy_http_port": 80,
                "haproxy_https_port": 443,
                "jenkins_admin_password": "{{ lookup('env', 'JENKINS_ADMIN_PASSWORD') | default('admin123') }}",
                "jenkins_admin_user": "admin",
                "jenkins_agent_port": 50000,
                "jenkins_master_port": 8080,
                "jenkins_version": "2.401.3",
                "ssl_cert_path": "/etc/ssl/certs",
                "ssl_key_path": "/etc/ssl/private"
            }
        }
    },
    "all": {
        "children": [
            "ungrouped",
            "local_infrastructure",
            "remote_infrastructure",
            "all_services"
        ]
    },
    "all_services": {
        "children": [
            "jenkins_infrastructure",
            "web_tier"
        ]
    },
    "jenkins_agents": {
        "hosts": [
            "jenkins-agent-{{ deployment_mode == 'local' and 'local' or 'vm' }}"
        ]
    },
    "jenkins_infrastructure": {
        "children": [
            "jenkins_masters",
            "jenkins_agents"
        ]
    },
    "jenkins_masters": {
        "hosts": [
            "jenkins-master-{{ deployment_mode == 'local' and 'local' or 'vm' }}"
        ]
    },
    "load_balancers": {
        "hosts": [
            "haproxy-{{ deployment_mode == 'local' and 'local' or 'vm' }}"
        ]
    },
    "local_infrastructure": {
        "hosts": [
            "jenkins-master-local",
            "jenkins-agent-local",
            "haproxy-local"
        ]
    },
    "remote_infrastructure": {
        "hosts": [
            "docker-host-vm"
        ]
    },
    "web_tier": {
        "children": [
            "load_balancers"
        ]
    }
}
2025-06-22 12:12:35,000 p=939 u=ansible n=ansible | [WARNING]: Skipping 'deployment_mode' as this is not a valid group definition

2025-06-22 12:12:35,147 p=939 u=ansible n=ansible | ERROR! We were unable to read either as JSON nor YAML, these are the errors we got from each:
JSON: Expecting value: line 1 column 1 (char 0)

Syntax Error while loading YAML.
  but found another document

The error appears to be in '/workspace/ansible/site.yml': line 105, column 1, but may
be elsewhere in the file depending on the exact syntax problem.

The offending line appears to be:


---
^ here

2025-06-22 12:21:38,180 p=859 u=ansible n=ansible | [WARNING]: Skipping 'deployment_mode' as this is not a valid group definition

2025-06-22 12:21:38,220 p=859 u=ansible n=ansible | {
    "_meta": {
        "hostvars": {
            "docker-host-vm": {
                "ansible_host": "{{ lookup('env', 'DOCKER_HOST_IP') | default('192.168.1.10') }}",
                "ansible_ssh_private_key_file": "{{ lookup('env', 'SSH_KEY_PATH') | default('~/.ssh/id_rsa') }}",
                "ansible_user": "{{ lookup('env', 'ANSIBLE_USER') | default('ubuntu') }}",
                "deployment_target": "remote",
                "deployment_type": "container",
                "services": [
                    "jenkins-master",
                    "jenkins-agent",
                    "haproxy"
                ]
            },
            "haproxy-local": {
                "ansible_connection": "docker",
                "ansible_host": "haproxy",
                "ansible_user": "root",
                "deployment_type": "container",
                "docker_network": "jenkins-network"
            },
            "haproxy-{{ deployment_mode == 'local' and 'local' or 'vm' }}": {
                "haproxy_http_port": 80,
                "haproxy_https_port": 443,
                "jenkins_admin_password": "{{ lookup('env', 'JENKINS_ADMIN_PASSWORD') | default('admin123') }}",
                "jenkins_admin_user": "admin",
                "jenkins_agent_port": 50000,
                "jenkins_master_port": 8080,
                "jenkins_version": "2.401.3",
                "ssl_cert_path": "/etc/ssl/certs",
                "ssl_key_path": "/etc/ssl/private"
            },
            "jenkins-agent-local": {
                "ansible_connection": "docker",
                "ansible_host": "jenkins-agent",
                "ansible_user": "root",
                "deployment_type": "container",
                "docker_network": "jenkins-network"
            },
            "jenkins-agent-{{ deployment_mode == 'local' and 'local' or 'vm' }}": {
                "haproxy_http_port": 80,
                "haproxy_https_port": 443,
                "jenkins_admin_password": "{{ lookup('env', 'JENKINS_ADMIN_PASSWORD') | default('admin123') }}",
                "jenkins_admin_user": "admin",
                "jenkins_agent_port": 50000,
                "jenkins_master_port": 8080,
                "jenkins_version": "2.401.3",
                "ssl_cert_path": "/etc/ssl/certs",
                "ssl_key_path": "/etc/ssl/private"
            },
            "jenkins-master-local": {
                "ansible_connection": "docker",
                "ansible_host": "jenkins-master",
                "ansible_user": "root",
                "deployment_type": "container",
                "docker_network": "jenkins-network"
            },
            "jenkins-master-{{ deployment_mode == 'local' and 'local' or 'vm' }}": {
                "haproxy_http_port": 80,
                "haproxy_https_port": 443,
                "jenkins_admin_password": "{{ lookup('env', 'JENKINS_ADMIN_PASSWORD') | default('admin123') }}",
                "jenkins_admin_user": "admin",
                "jenkins_agent_port": 50000,
                "jenkins_master_port": 8080,
                "jenkins_version": "2.401.3",
                "ssl_cert_path": "/etc/ssl/certs",
                "ssl_key_path": "/etc/ssl/private"
            }
        }
    },
    "all": {
        "children": [
            "ungrouped",
            "local_infrastructure",
            "remote_infrastructure",
            "all_services"
        ]
    },
    "all_services": {
        "children": [
            "jenkins_infrastructure",
            "web_tier"
        ]
    },
    "jenkins_agents": {
        "hosts": [
            "jenkins-agent-{{ deployment_mode == 'local' and 'local' or 'vm' }}"
        ]
    },
    "jenkins_infrastructure": {
        "children": [
            "jenkins_masters",
            "jenkins_agents"
        ]
    },
    "jenkins_masters": {
        "hosts": [
            "jenkins-master-{{ deployment_mode == 'local' and 'local' or 'vm' }}"
        ]
    },
    "load_balancers": {
        "hosts": [
            "haproxy-{{ deployment_mode == 'local' and 'local' or 'vm' }}"
        ]
    },
    "local_infrastructure": {
        "hosts": [
            "jenkins-master-local",
            "jenkins-agent-local",
            "haproxy-local"
        ]
    },
    "remote_infrastructure": {
        "hosts": [
            "docker-host-vm"
        ]
    },
    "web_tier": {
        "children": [
            "load_balancers"
        ]
    }
}
2025-06-22 12:21:39,044 p=927 u=ansible n=ansible | [WARNING]: Skipping 'deployment_mode' as this is not a valid group definition

2025-06-22 12:21:39,712 p=927 u=ansible n=ansible | ERROR! 'when' is not a valid attribute for a Play

The error appears to be in '/workspace/ansible/site.yml': line 34, column 3, but may
be elsewhere in the file depending on the exact syntax problem.

The offending line appears to be:


- name: Prepare Remote Docker Host
  ^ here

2025-06-22 12:31:16,685 p=2837 u=ansible n=ansible | [WARNING]: Skipping 'deployment_mode' as this is not a valid group definition

2025-06-22 12:31:16,698 p=2837 u=ansible n=ansible | {
    "_meta": {
        "hostvars": {
            "docker-host-vm": {
                "ansible_host": "{{ lookup('env', 'DOCKER_HOST_IP') | default('192.168.1.10') }}",
                "ansible_ssh_private_key_file": "{{ lookup('env', 'SSH_KEY_PATH') | default('~/.ssh/id_rsa') }}",
                "ansible_user": "{{ lookup('env', 'ANSIBLE_USER') | default('ubuntu') }}",
                "deployment_target": "remote",
                "deployment_type": "container",
                "services": [
                    "jenkins-master",
                    "jenkins-agent",
                    "haproxy"
                ]
            },
            "haproxy-local": {
                "ansible_connection": "docker",
                "ansible_host": "haproxy",
                "ansible_user": "root",
                "deployment_type": "container",
                "docker_network": "jenkins-network"
            },
            "haproxy-{{ deployment_mode == 'local' and 'local' or 'vm' }}": {
                "haproxy_http_port": 80,
                "haproxy_https_port": 443,
                "jenkins_admin_password": "{{ lookup('env', 'JENKINS_ADMIN_PASSWORD') | default('admin123') }}",
                "jenkins_admin_user": "admin",
                "jenkins_agent_port": 50000,
                "jenkins_master_port": 8080,
                "jenkins_version": "2.401.3",
                "ssl_cert_path": "/etc/ssl/certs",
                "ssl_key_path": "/etc/ssl/private"
            },
            "jenkins-agent-local": {
                "ansible_connection": "docker",
                "ansible_host": "jenkins-agent",
                "ansible_user": "root",
                "deployment_type": "container",
                "docker_network": "jenkins-network"
            },
            "jenkins-agent-{{ deployment_mode == 'local' and 'local' or 'vm' }}": {
                "haproxy_http_port": 80,
                "haproxy_https_port": 443,
                "jenkins_admin_password": "{{ lookup('env', 'JENKINS_ADMIN_PASSWORD') | default('admin123') }}",
                "jenkins_admin_user": "admin",
                "jenkins_agent_port": 50000,
                "jenkins_master_port": 8080,
                "jenkins_version": "2.401.3",
                "ssl_cert_path": "/etc/ssl/certs",
                "ssl_key_path": "/etc/ssl/private"
            },
            "jenkins-master-local": {
                "ansible_connection": "docker",
                "ansible_host": "jenkins-master",
                "ansible_user": "root",
                "deployment_type": "container",
                "docker_network": "jenkins-network"
            },
            "jenkins-master-{{ deployment_mode == 'local' and 'local' or 'vm' }}": {
                "haproxy_http_port": 80,
                "haproxy_https_port": 443,
                "jenkins_admin_password": "{{ lookup('env', 'JENKINS_ADMIN_PASSWORD') | default('admin123') }}",
                "jenkins_admin_user": "admin",
                "jenkins_agent_port": 50000,
                "jenkins_master_port": 8080,
                "jenkins_version": "2.401.3",
                "ssl_cert_path": "/etc/ssl/certs",
                "ssl_key_path": "/etc/ssl/private"
            }
        }
    },
    "all": {
        "children": [
            "ungrouped",
            "local_infrastructure",
            "remote_infrastructure",
            "all_services"
        ]
    },
    "all_services": {
        "children": [
            "jenkins_infrastructure",
            "web_tier"
        ]
    },
    "jenkins_agents": {
        "hosts": [
            "jenkins-agent-{{ deployment_mode == 'local' and 'local' or 'vm' }}"
        ]
    },
    "jenkins_infrastructure": {
        "children": [
            "jenkins_masters",
            "jenkins_agents"
        ]
    },
    "jenkins_masters": {
        "hosts": [
            "jenkins-master-{{ deployment_mode == 'local' and 'local' or 'vm' }}"
        ]
    },
    "load_balancers": {
        "hosts": [
            "haproxy-{{ deployment_mode == 'local' and 'local' or 'vm' }}"
        ]
    },
    "local_infrastructure": {
        "hosts": [
            "jenkins-master-local",
            "jenkins-agent-local",
            "haproxy-local"
        ]
    },
    "remote_infrastructure": {
        "hosts": [
            "docker-host-vm"
        ]
    },
    "web_tier": {
        "children": [
            "load_balancers"
        ]
    }
}
2025-06-22 12:31:16,908 p=2844 u=ansible n=ansible | [WARNING]: Skipping 'deployment_mode' as this is not a valid group definition

2025-06-22 12:31:17,042 p=2844 u=ansible n=ansible | ERROR! 'when' is not a valid attribute for a Play

The error appears to be in '/workspace/ansible/site.yml': line 34, column 3, but may
be elsewhere in the file depending on the exact syntax problem.

The offending line appears to be:


- name: Prepare Remote Docker Host
  ^ here

2025-06-22 12:35:26,580 p=2903 u=ansible n=ansible | [WARNING]: Skipping 'deployment_mode' as this is not a valid group definition

2025-06-22 12:35:26,589 p=2903 u=ansible n=ansible | {
    "_meta": {
        "hostvars": {
            "docker-host-vm": {
                "ansible_host": "{{ lookup('env', 'DOCKER_HOST_IP') | default('192.168.1.10') }}",
                "ansible_ssh_private_key_file": "{{ lookup('env', 'SSH_KEY_PATH') | default('~/.ssh/id_rsa') }}",
                "ansible_user": "{{ lookup('env', 'ANSIBLE_USER') | default('ubuntu') }}",
                "deployment_target": "remote",
                "deployment_type": "container",
                "services": [
                    "jenkins-master",
                    "jenkins-agent",
                    "haproxy"
                ]
            },
            "haproxy-local": {
                "ansible_connection": "docker",
                "ansible_host": "haproxy",
                "ansible_user": "root",
                "deployment_type": "container",
                "docker_network": "jenkins-network"
            },
            "haproxy-{{ deployment_mode == 'local' and 'local' or 'vm' }}": {
                "haproxy_http_port": 80,
                "haproxy_https_port": 443,
                "jenkins_admin_password": "{{ lookup('env', 'JENKINS_ADMIN_PASSWORD') | default('admin123') }}",
                "jenkins_admin_user": "admin",
                "jenkins_agent_port": 50000,
                "jenkins_master_port": 8080,
                "jenkins_version": "2.401.3",
                "ssl_cert_path": "/etc/ssl/certs",
                "ssl_key_path": "/etc/ssl/private"
            },
            "jenkins-agent-local": {
                "ansible_connection": "docker",
                "ansible_host": "jenkins-agent",
                "ansible_user": "root",
                "deployment_type": "container",
                "docker_network": "jenkins-network"
            },
            "jenkins-agent-{{ deployment_mode == 'local' and 'local' or 'vm' }}": {
                "haproxy_http_port": 80,
                "haproxy_https_port": 443,
                "jenkins_admin_password": "{{ lookup('env', 'JENKINS_ADMIN_PASSWORD') | default('admin123') }}",
                "jenkins_admin_user": "admin",
                "jenkins_agent_port": 50000,
                "jenkins_master_port": 8080,
                "jenkins_version": "2.401.3",
                "ssl_cert_path": "/etc/ssl/certs",
                "ssl_key_path": "/etc/ssl/private"
            },
            "jenkins-master-local": {
                "ansible_connection": "docker",
                "ansible_host": "jenkins-master",
                "ansible_user": "root",
                "deployment_type": "container",
                "docker_network": "jenkins-network"
            },
            "jenkins-master-{{ deployment_mode == 'local' and 'local' or 'vm' }}": {
                "haproxy_http_port": 80,
                "haproxy_https_port": 443,
                "jenkins_admin_password": "{{ lookup('env', 'JENKINS_ADMIN_PASSWORD') | default('admin123') }}",
                "jenkins_admin_user": "admin",
                "jenkins_agent_port": 50000,
                "jenkins_master_port": 8080,
                "jenkins_version": "2.401.3",
                "ssl_cert_path": "/etc/ssl/certs",
                "ssl_key_path": "/etc/ssl/private"
            }
        }
    },
    "all": {
        "children": [
            "ungrouped",
            "local_infrastructure",
            "remote_infrastructure",
            "all_services"
        ]
    },
    "all_services": {
        "children": [
            "jenkins_infrastructure",
            "web_tier"
        ]
    },
    "jenkins_agents": {
        "hosts": [
            "jenkins-agent-{{ deployment_mode == 'local' and 'local' or 'vm' }}"
        ]
    },
    "jenkins_infrastructure": {
        "children": [
            "jenkins_masters",
            "jenkins_agents"
        ]
    },
    "jenkins_masters": {
        "hosts": [
            "jenkins-master-{{ deployment_mode == 'local' and 'local' or 'vm' }}"
        ]
    },
    "load_balancers": {
        "hosts": [
            "haproxy-{{ deployment_mode == 'local' and 'local' or 'vm' }}"
        ]
    },
    "local_infrastructure": {
        "hosts": [
            "jenkins-master-local",
            "jenkins-agent-local",
            "haproxy-local"
        ]
    },
    "remote_infrastructure": {
        "hosts": [
            "docker-host-vm"
        ]
    },
    "web_tier": {
        "children": [
            "load_balancers"
        ]
    }
}
2025-06-22 12:35:26,801 p=2910 u=ansible n=ansible | [WARNING]: Skipping 'deployment_mode' as this is not a valid group definition

2025-06-22 12:35:26,921 p=2910 u=ansible n=ansible | ERROR! [DEPRECATED]: community.docker.docker_compose has been removed. This module uses docker-compose v1, which is End of Life since July 2022. Please migrate to community.docker.docker_compose_v2. This feature was removed from community.docker in version 4.0.0. Please update your playbooks.
2025-06-22 12:48:20,549 p=2949 u=ansible n=ansible | [WARNING]: Skipping 'deployment_mode' as this is not a valid group definition

2025-06-22 12:48:20,560 p=2949 u=ansible n=ansible | {
    "_meta": {
        "hostvars": {
            "docker-host-vm": {
                "ansible_host": "{{ lookup('env', 'DOCKER_HOST_IP') | default('192.168.1.10') }}",
                "ansible_ssh_private_key_file": "{{ lookup('env', 'SSH_KEY_PATH') | default('~/.ssh/id_rsa') }}",
                "ansible_user": "{{ lookup('env', 'ANSIBLE_USER') | default('ubuntu') }}",
                "deployment_target": "remote",
                "deployment_type": "container",
                "services": [
                    "jenkins-master",
                    "jenkins-agent",
                    "haproxy"
                ]
            },
            "haproxy-local": {
                "ansible_connection": "docker",
                "ansible_host": "haproxy",
                "ansible_user": "root",
                "deployment_type": "container",
                "docker_network": "jenkins-network"
            },
            "haproxy-{{ deployment_mode == 'local' and 'local' or 'vm' }}": {
                "haproxy_http_port": 80,
                "haproxy_https_port": 443,
                "jenkins_admin_password": "{{ lookup('env', 'JENKINS_ADMIN_PASSWORD') | default('admin123') }}",
                "jenkins_admin_user": "admin",
                "jenkins_agent_port": 50000,
                "jenkins_master_port": 8080,
                "jenkins_version": "2.401.3",
                "ssl_cert_path": "/etc/ssl/certs",
                "ssl_key_path": "/etc/ssl/private"
            },
            "jenkins-agent-local": {
                "ansible_connection": "docker",
                "ansible_host": "jenkins-agent",
                "ansible_user": "root",
                "deployment_type": "container",
                "docker_network": "jenkins-network"
            },
            "jenkins-agent-{{ deployment_mode == 'local' and 'local' or 'vm' }}": {
                "haproxy_http_port": 80,
                "haproxy_https_port": 443,
                "jenkins_admin_password": "{{ lookup('env', 'JENKINS_ADMIN_PASSWORD') | default('admin123') }}",
                "jenkins_admin_user": "admin",
                "jenkins_agent_port": 50000,
                "jenkins_master_port": 8080,
                "jenkins_version": "2.401.3",
                "ssl_cert_path": "/etc/ssl/certs",
                "ssl_key_path": "/etc/ssl/private"
            },
            "jenkins-master-local": {
                "ansible_connection": "docker",
                "ansible_host": "jenkins-master",
                "ansible_user": "root",
                "deployment_type": "container",
                "docker_network": "jenkins-network"
            },
            "jenkins-master-{{ deployment_mode == 'local' and 'local' or 'vm' }}": {
                "haproxy_http_port": 80,
                "haproxy_https_port": 443,
                "jenkins_admin_password": "{{ lookup('env', 'JENKINS_ADMIN_PASSWORD') | default('admin123') }}",
                "jenkins_admin_user": "admin",
                "jenkins_agent_port": 50000,
                "jenkins_master_port": 8080,
                "jenkins_version": "2.401.3",
                "ssl_cert_path": "/etc/ssl/certs",
                "ssl_key_path": "/etc/ssl/private"
            }
        }
    },
    "all": {
        "children": [
            "ungrouped",
            "local_infrastructure",
            "remote_infrastructure",
            "all_services"
        ]
    },
    "all_services": {
        "children": [
            "jenkins_infrastructure",
            "web_tier"
        ]
    },
    "jenkins_agents": {
        "hosts": [
            "jenkins-agent-{{ deployment_mode == 'local' and 'local' or 'vm' }}"
        ]
    },
    "jenkins_infrastructure": {
        "children": [
            "jenkins_masters",
            "jenkins_agents"
        ]
    },
    "jenkins_masters": {
        "hosts": [
            "jenkins-master-{{ deployment_mode == 'local' and 'local' or 'vm' }}"
        ]
    },
    "load_balancers": {
        "hosts": [
            "haproxy-{{ deployment_mode == 'local' and 'local' or 'vm' }}"
        ]
    },
    "local_infrastructure": {
        "hosts": [
            "jenkins-master-local",
            "jenkins-agent-local",
            "haproxy-local"
        ]
    },
    "remote_infrastructure": {
        "hosts": [
            "docker-host-vm"
        ]
    },
    "web_tier": {
        "children": [
            "load_balancers"
        ]
    }
}
2025-06-22 12:48:20,779 p=2956 u=ansible n=ansible | [WARNING]: Skipping 'deployment_mode' as this is not a valid group definition

2025-06-22 12:48:20,911 p=2956 u=ansible n=ansible | [DEPRECATION WARNING]: community.general.yaml has been deprecated. The plugin has been superseded by the the option `result_format=yaml` in callback plugin ansible.builtin.default from ansible-
core 2.13 onwards. This feature will be removed from community.general in version 12.0.0. Deprecation warnings can be disabled by setting deprecation_warnings=False in ansible.cfg.
2025-06-22 12:48:20,928 p=2956 u=ansible n=ansible | PLAY [Pre-flight Validation] ***********************************************************************************************************************************************************************
2025-06-22 12:48:20,935 p=2956 u=ansible n=ansible | Sunday 22 June 2025  12:48:20 +0000 (0:00:00.008)       0:00:00.008 *********** 
2025-06-22 12:48:21,770 p=2956 u=ansible n=ansible | TASK [Gathering Facts] *****************************************************************************************************************************************************************************
2025-06-22 12:48:21,771 p=2956 u=ansible n=ansible | ok: [localhost]
2025-06-22 12:48:21,838 p=2956 u=ansible n=ansible | Sunday 22 June 2025  12:48:21 +0000 (0:00:00.903)       0:00:00.911 *********** 
2025-06-22 12:48:21,853 p=2956 u=ansible n=ansible | TASK [Display deployment information] **************************************************************************************************************************************************************
2025-06-22 12:48:21,855 p=2956 u=ansible n=ansible | ok: [localhost] => 
  msg: "\U0001F680 Deploying Jenkins Infrastructure\nMode: local\nTarget: Dev Container"
2025-06-22 12:48:21,861 p=2956 u=ansible n=ansible | Sunday 22 June 2025  12:48:21 +0000 (0:00:00.022)       0:00:00.934 *********** 
2025-06-22 12:48:21,872 p=2956 u=ansible n=ansible | Sunday 22 June 2025  12:48:21 +0000 (0:00:00.011)       0:00:00.945 *********** 
2025-06-22 12:48:22,178 p=2956 u=ansible n=ansible | TASK [Ensure Docker is running (local mode)] *******************************************************************************************************************************************************
2025-06-22 12:48:22,179 p=2956 u=ansible n=ansible | fatal: [localhost]: FAILED! => changed=false 
  can_talk_to_docker: false
  msg: 'Error connecting: Error while fetching server API version: (''Connection aborted.'', PermissionError(13, ''Permission denied''))'
2025-06-22 12:48:22,180 p=2956 u=ansible n=ansible | PLAY RECAP *****************************************************************************************************************************************************************************************
2025-06-22 12:48:22,180 p=2956 u=ansible n=ansible | localhost                  : ok=2    changed=0    unreachable=0    failed=1    skipped=1    rescued=0    ignored=0   
2025-06-22 12:48:22,181 p=2956 u=ansible n=ansible | TASKS RECAP ****************************************************************************************************************************************************************************************
2025-06-22 12:48:22,181 p=2956 u=ansible n=ansible | Sunday 22 June 2025  12:48:22 +0000 (0:00:00.308)       0:00:01.254 *********** 
2025-06-22 12:48:22,181 p=2956 u=ansible n=ansible | =============================================================================== 
2025-06-22 12:48:22,182 p=2956 u=ansible n=ansible | Gathering Facts ----------------------------------------------------------------------------------------------------------------------------------------------------------------------------- 0.90s
2025-06-22 12:48:22,182 p=2956 u=ansible n=ansible | Ensure Docker is running (local mode) ------------------------------------------------------------------------------------------------------------------------------------------------------- 0.31s
2025-06-22 12:48:22,182 p=2956 u=ansible n=ansible | Display deployment information -------------------------------------------------------------------------------------------------------------------------------------------------------------- 0.02s
2025-06-22 12:48:22,182 p=2956 u=ansible n=ansible | Validate deployment mode -------------------------------------------------------------------------------------------------------------------------------------------------------------------- 0.01s
2025-06-22 12:48:22,184 p=2956 u=ansible n=ansible | PLAYBOOK RECAP *************************************************************************************************************************************************************************************
2025-06-22 12:48:22,185 p=2956 u=ansible n=ansible | Playbook run took 0 days, 0 hours, 0 minutes, 1 seconds

